Old log file not found...
Creating new log file...
Log created: 4/26/2011 9:15:54 PM
Server started 4/26/2011 9:15:54 PM
Server started 4/26/2011 9:16:12 PM
Phil connected at 4/26/2011 9:16:15 PM
Phil disconnected at 4/26/2011 9:16:15 PM
Server started 4/27/2011 7:22:56 PM
Phil connected at 4/27/2011 7:23:10 PM
Server started 4/27/2011 7:24:25 PM
Phil connected at 4/27/2011 7:24:27 PM
Phil disconnected at 4/27/2011 7:24:27 PM
Server started 4/27/2011 7:27:22 PM
Phil connected at 4/27/2011 7:27:25 PM
Phil disconnected at 4/27/2011 7:27:25 PM
Server started 4/27/2011 9:28:11 PM
Server started 4/27/2011 9:28:31 PM
Server started 4/27/2011 9:28:47 PM
Server started 4/27/2011 9:30:57 PM
Phil connected at 4/27/2011 9:31:00 PM
Phil disconnected at 4/27/2011 9:31:00 PM
Server started 4/27/2011 9:32:13 PM
Phil connected at 4/27/2011 9:32:15 PM
Phil disconnected at 4/27/2011 9:32:15 PM
Server started 4/27/2011 9:32:43 PM
Phil connected at 4/27/2011 9:32:45 PM
Phil disconnected at 4/27/2011 9:32:45 PM
Server started 4/27/2011 9:33:07 PM
Phil connected at 4/27/2011 9:33:11 PM
Phil disconnected at 4/27/2011 9:33:11 PM
Server started 5/3/2011 12:44:57 PM
Phil connected at 5/3/2011 12:45:08 PM
Server started 5/3/2011 12:47:24 PM
Phil connected at 5/3/2011 12:47:27 PM
Server started 5/3/2011 12:48:28 PM
Phil connected at 5/3/2011 12:48:31 PM
Server started 5/3/2011 12:49:57 PM
Phil connected at 5/3/2011 12:50:01 PM
Server started 5/3/2011 12:55:56 PM
Phil connected at 5/3/2011 12:55:59 PM
Server started 5/3/2011 12:56:40 PM
Phil connected at 5/3/2011 12:56:43 PM
Server started 5/3/2011 1:06:25 PM
Phil connected at 5/3/2011 1:06:31 PM
Server started 5/3/2011 1:07:11 PM
Phil connected at 5/3/2011 1:07:15 PM
Server started 5/3/2011 1:07:37 PM
Phil connected at 5/3/2011 1:07:44 PM
Server started 5/3/2011 1:08:35 PM
Phil connected at 5/3/2011 1:08:41 PM
Server started 5/3/2011 1:09:42 PM
Phil connected at 5/3/2011 1:09:45 PM
Server started 5/3/2011 3:14:15 PM
Phil connected at 5/3/2011 3:14:19 PM
Server started 5/3/2011 3:15:14 PM
Server started 5/3/2011 3:15:26 PM
Phil connected at 5/3/2011 3:15:30 PM
Server started 5/3/2011 3:18:11 PM
Phil connected at 5/3/2011 3:18:14 PM
Server started 5/3/2011 10:36:39 PM
Phil connected at 5/3/2011 10:36:42 PM
Server started 5/3/2011 10:37:26 PM
Phil connected at 5/3/2011 10:37:29 PM
Server started 5/3/2011 10:43:44 PM
Phil connected at 5/3/2011 10:43:47 PM
Server started 5/3/2011 10:47:02 PM
Phil connected at 5/3/2011 10:47:06 PM
Server started 5/4/2011 11:09:29 AM
Phil connected at 5/4/2011 11:09:40 AM
Phil disconnected at 5/4/2011 11:09:40 AM
Server started 5/4/2011 11:18:19 AM
Phil connected at 5/4/2011 11:18:22 AM
Phil disconnected at 5/4/2011 11:18:22 AM
Server started 5/4/2011 2:03:34 PM
Phil connected at 5/4/2011 2:03:37 PM
Phil disconnected at 5/4/2011 2:03:37 PM
Server started 5/4/2011 8:54:44 PM
Server started 5/4/2011 8:55:28 PM
Phil connected at 5/4/2011 8:55:32 PM
Server started 5/4/2011 8:56:50 PM
Phil connected at 5/4/2011 8:56:55 PM
Server started 5/4/2011 8:57:51 PM
Phil connected at 5/4/2011 8:57:53 PM
Server started 5/4/2011 8:58:28 PM
Phil connected at 5/4/2011 8:58:30 PM
Server started 5/4/2011 8:59:25 PM
Phil connected at 5/4/2011 8:59:29 PM
Server started 5/4/2011 9:00:16 PM
Phil connected at 5/4/2011 9:00:20 PM
Server started 5/4/2011 9:02:10 PM
Phil connected at 5/4/2011 9:02:12 PM
Server started 5/4/2011 9:04:18 PM
Phil connected at 5/4/2011 9:04:20 PM
Server started 5/4/2011 9:05:13 PM
Phil connected at 5/4/2011 9:05:20 PM
Server started 5/4/2011 9:05:55 PM
Phil connected at 5/4/2011 9:05:59 PM
Phil disconnected at 5/4/2011 9:05:59 PM
Server started 5/4/2011 9:07:59 PM
TestUser connected at 5/4/2011 9:08:02 PM
TestUser disconnected at 5/4/2011 9:08:02 PM
Server started 5/4/2011 9:27:28 PM
Phil connected at 5/4/2011 9:27:31 PM
Phil disconnected at 5/4/2011 9:27:31 PM
Server started 5/4/2011 9:28:06 PM
Phil connected at 5/4/2011 9:28:08 PM
Server started 5/5/2011 11:27:30 PM
Gary connected at 5/5/2011 11:27:39 PM
Phil connected at 5/5/2011 11:27:51 PM
Server started 5/5/2011 11:29:12 PM
Gary connected at 5/5/2011 11:29:15 PM
Gary disconnected at 5/5/2011 11:29:15 PM
Server started 5/5/2011 11:31:11 PM
Phil connected at 5/5/2011 11:31:18 PM
Gary connected at 5/5/2011 11:31:22 PM
Server started 5/5/2011 11:38:17 PM
Gary connected at 5/5/2011 11:38:22 PM
Phil connected at 5/5/2011 11:38:28 PM
Server started 5/5/2011 11:40:57 PM
Gary connected at 5/5/2011 11:41:03 PM
Phil connected at 5/5/2011 11:41:08 PM
Phil disconnected at 5/5/2011 11:41:08 PM
Server started 5/5/2011 11:51:05 PM
Gary connected at 5/5/2011 11:51:08 PM
Gary disconnected at 5/5/2011 11:51:08 PM
Server started 5/5/2011 11:52:43 PM
Gary connected at 5/5/2011 11:52:45 PM
Gary disconnected at 5/5/2011 11:52:45 PM
Server started 5/5/2011 11:56:39 PM
Gary connected at 5/5/2011 11:56:44 PM
Gary disconnected at 5/5/2011 11:56:44 PM
Server started 5/5/2011 11:58:13 PM
Gary connected at 5/5/2011 11:58:18 PM
Gary disconnected at 5/5/2011 11:58:18 PM
Server started 5/5/2011 11:59:18 PM
Gary connected at 5/5/2011 11:59:21 PM
Gary disconnected at 5/5/2011 11:59:21 PM
Server started 5/6/2011 12:00:03 AM
Gary connected at 5/6/2011 12:00:06 AM
Gary disconnected at 5/6/2011 12:00:06 AM
Gary connected at 5/6/2011 12:00:17 AM
Phil connected at 5/6/2011 12:00:25 AM
Phil disconnected at 5/6/2011 12:00:25 AM
Phil connected at 5/6/2011 12:00:51 AM
Phil disconnected at 5/6/2011 12:00:51 AM
Server started 5/6/2011 12:01:56 AM
Gary connected at 5/6/2011 12:01:59 AM
Phil connected at 5/6/2011 12:02:06 AM
Server started 5/6/2011 12:05:08 AM
Gary connected at 5/6/2011 12:05:12 AM
Gary disconnected at 5/6/2011 12:05:12 AM
Gary connected at 5/6/2011 12:05:19 AM
Gary disconnected at 5/6/2011 12:05:19 AM
Gary connected at 5/6/2011 12:05:32 AM
Phil connected at 5/6/2011 12:05:46 AM
Phil disconnected at 5/6/2011 12:05:46 AM
Server started 5/6/2011 12:06:52 AM
Gary connected at 5/6/2011 12:06:55 AM
Gary disconnected at 5/6/2011 12:06:55 AM
Gary connected at 5/6/2011 12:07:03 AM
Phil connected at 5/6/2011 12:07:11 AM
Phil disconnected at 5/6/2011 12:07:11 AM
Gary disconnected at 5/6/2011 12:07:03 AM
Server started 5/6/2011 10:06:31 AM
Gary connected at 5/6/2011 10:06:43 AM
Phil connected at 5/6/2011 10:06:54 AM
Phil disconnected at 5/6/2011 10:06:54 AM
Server started 5/6/2011 10:12:51 AM
Gary connected at 5/6/2011 10:12:57 AM
Phil connected at 5/6/2011 10:13:03 AM
Phil disconnected at 5/6/2011 10:13:03 AM
Server started 5/6/2011 10:16:06 AM
Gary connected at 5/6/2011 10:16:12 AM
Phil connected at 5/6/2011 10:16:19 AM
Phil disconnected at 5/6/2011 10:16:19 AM
Gary disconnected at 5/6/2011 10:16:12 AM
Server started 5/6/2011 12:30:10 PM
Gary connected at 5/6/2011 12:30:13 PM
Gary disconnected at 5/6/2011 12:30:13 PM
Gary connected at 5/6/2011 12:30:25 PM
Phil connected at 5/6/2011 12:30:32 PM
Gary disconnected at 5/6/2011 12:30:25 PM
Server started 5/6/2011 5:41:50 PM
Gary connected at 5/6/2011 5:41:58 PM
Server started 5/6/2011 5:42:36 PM
Gary connected at 5/6/2011 5:42:42 PM
Gary disconnected at 5/6/2011 5:42:42 PM
Server started 5/6/2011 5:54:18 PM
Server started 5/6/2011 6:15:02 PM
Gary connected at 5/6/2011 6:15:05 PM
Server started 5/6/2011 6:17:19 PM
Gary connected at 5/6/2011 6:17:23 PM
Gary disconnected at 5/6/2011 6:17:23 PM
Gary connected at 5/6/2011 6:17:58 PM
Gary disconnected at 5/6/2011 6:17:58 PM
Server started 5/6/2011 6:21:30 PM
Server started 5/6/2011 6:25:05 PM
Server started 5/6/2011 6:29:56 PM
Server started 5/6/2011 6:30:23 PM
Server started 5/6/2011 10:09:14 PM
Gary connected at 5/6/2011 10:09:18 PM
Phil connected at 5/6/2011 10:09:39 PM
Phil disconnected at 5/6/2011 10:09:39 PM
Gary disconnected at 5/6/2011 10:09:18 PM
Server started 5/7/2011 11:00:26 AM
Gary connected at 5/7/2011 11:00:31 AM
Server started 5/7/2011 11:01:12 AM
Gary connected at 5/7/2011 11:01:16 AM
Server started 5/7/2011 11:03:07 AM
Gary connected at 5/7/2011 11:03:10 AM
Server started 5/7/2011 11:04:03 AM
Gary connected at 5/7/2011 11:04:06 AM
Dog connected at 5/7/2011 11:04:20 AM
Dog disconnected at 5/7/2011 11:04:20 AM
Server started 5/7/2011 11:06:47 AM
Gary connected at 5/7/2011 11:06:51 AM
Gary disconnected at 5/7/2011 11:06:51 AM
Server started 5/7/2011 11:14:08 AM
Gary connected at 5/7/2011 11:14:13 AM
Dog connected at 5/7/2011 11:14:19 AM
Dog disconnected at 5/7/2011 11:14:19 AM
Server started 5/7/2011 11:15:33 AM
Gary connected at 5/7/2011 11:15:35 AM
Dog connected at 5/7/2011 11:15:41 AM
Server started 5/7/2011 11:16:11 AM
Gary connected at 5/7/2011 11:16:13 AM
dog connected at 5/7/2011 11:16:21 AM
dog disconnected at 5/7/2011 11:16:21 AM
Server started 5/7/2011 11:17:50 AM
dog connected at 5/7/2011 11:17:56 AM
Server started 5/7/2011 11:41:08 AM
Gary connected at 5/7/2011 11:41:13 AM
Dog connected at 5/7/2011 11:41:26 AM
Dog disconnected at 5/7/2011 11:41:26 AM
Gary disconnected at 5/7/2011 11:41:13 AM
Server started 5/7/2011 12:23:15 PM
Gary connected at 5/7/2011 12:23:19 PM
Gary disconnected at 5/7/2011 12:23:19 PM
Server started 5/7/2011 12:26:13 PM
gary connected at 5/7/2011 12:26:17 PM
gary disconnected at 5/7/2011 12:26:17 PM
Server started 5/7/2011 12:39:39 PM
gary connected at 5/7/2011 12:39:43 PM
gary disconnected at 5/7/2011 12:39:43 PM
Server started 5/7/2011 12:46:06 PM
gary connected at 5/7/2011 12:46:09 PM
Server started 5/7/2011 12:48:02 PM
gary connected at 5/7/2011 12:48:06 PM
gary disconnected at 5/7/2011 12:48:06 PM
gary connected at 5/7/2011 12:48:33 PM
Server started 5/7/2011 12:48:55 PM
gary connected at 5/7/2011 12:48:58 PM
Server started 5/7/2011 12:49:25 PM
gary connected at 5/7/2011 12:49:27 PM
gary disconnected at 5/7/2011 12:49:27 PM
Server started 5/7/2011 12:58:12 PM
gary connected at 5/7/2011 12:58:15 PM
gary disconnected at 5/7/2011 12:58:15 PM
Server started 5/7/2011 1:24:34 PM
gary connected at 5/7/2011 1:24:41 PM
gary disconnected at 5/7/2011 1:24:41 PM
dog connected at 5/7/2011 1:24:47 PM
dog disconnected at 5/7/2011 1:24:47 PM
gary connected at 5/7/2011 1:25:13 PM
gary disconnected at 5/7/2011 1:25:13 PM
gary connected at 5/7/2011 1:25:21 PM
Server started 5/7/2011 1:25:58 PM
Server started 5/7/2011 10:53:00 PM
gary connected at 5/7/2011 10:53:07 PM
gary disconnected at 5/7/2011 10:53:07 PM
Server started 5/8/2011 12:19:48 AM
gary connected at 5/8/2011 12:19:52 AM
gary disconnected at 5/8/2011 12:19:52 AM
Server started 5/8/2011 10:16:57 PM
Server started 5/8/2011 10:19:21 PM
Server started 5/8/2011 10:23:53 PM
gary connected at 5/8/2011 10:23:56 PM
Server started 5/8/2011 10:26:03 PM
gary connected at 5/8/2011 10:26:22 PM
Server started 5/27/2011 7:43:20 PM
Server started 6/4/2011 11:03:57 AM
phil connected at 6/4/2011 11:04:06 AM
test connected at 6/4/2011 11:04:39 AM
test disconnected at 6/4/2011 11:04:39 AM
Gary connected at 6/4/2011 11:05:32 AM
Server started 6/4/2011 11:09:58 AM
Gary connected at 6/4/2011 11:10:09 AM
Gary disconnected at 6/4/2011 11:10:09 AM
Server started 6/4/2011 11:14:05 AM
Phil connected at 6/4/2011 11:14:09 AM
Gary connected at 6/4/2011 11:14:52 AM
Gary disconnected at 6/4/2011 11:14:52 AM
Phil disconnected at 6/4/2011 11:14:09 AM
Phil connected at 6/4/2011 11:15:09 AM
Phil disconnected at 6/4/2011 11:15:09 AM
Server started 6/4/2011 11:34:34 AM
phil connected at 6/4/2011 11:34:39 AM
phil connected at 6/4/2011 11:34:44 AM
phil disconnected at 6/4/2011 11:34:44 AM
phil disconnected at 6/4/2011 11:34:39 AM
Server started 6/4/2011 11:35:29 AM
phil connected at 6/4/2011 11:35:57 AM
Server started 6/4/2011 11:58:41 AM
Server started 10/6/2011 5:16:02 PM
Server started 10/6/2011 5:17:04 PM
Server started 10/6/2011 5:19:09 PM
Server started 10/6/2011 5:19:53 PM
Server started 10/6/2011 5:20:18 PM
Phil connected at 10/6/2011 5:20:24 PM
Server started 10/6/2011 5:27:00 PM
Phil connected at 10/6/2011 5:27:24 PM
Server started 10/6/2011 5:47:21 PM
Phil connected at 10/6/2011 5:47:27 PM
Phil disconnected at 10/6/2011 5:47:27 PM
Server started 10/6/2011 5:50:45 PM
Phil connected at 10/6/2011 5:50:50 PM
Phil disconnected at 10/6/2011 5:50:50 PM
Server started 10/6/2011 5:56:19 PM
Phil connected at 10/6/2011 5:56:22 PM
Server started 10/6/2011 5:19:01 PM
Phil connected at 10/6/2011 5:19:07 PM
Server started 10/6/2011 5:20:03 PM
Phil connected at 10/6/2011 5:20:07 PM
Server started 10/6/2011 5:22:20 PM
Phil connected at 10/6/2011 5:22:38 PM
Server started 10/6/2011 5:25:20 PM
Phil connected at 10/6/2011 5:25:26 PM
Server started 10/6/2011 5:26:34 PM
Phil connected at 10/6/2011 5:26:39 PM
Server started 10/6/2011 5:27:25 PM
Phil connected at 10/6/2011 5:27:33 PM
Server started 10/6/2011 5:28:29 PM
Phil connected at 10/6/2011 5:28:33 PM
Server started 10/6/2011 5:29:22 PM
Phil connected at 10/6/2011 5:29:33 PM
Server started 10/6/2011 8:38:04 PM
Phil connected at 10/6/2011 8:38:07 PM
Server started 10/6/2011 8:53:07 PM
phil connected at 10/6/2011 8:53:09 PM
Server started 10/7/2011 9:13:04 PM
Phil connected at 10/7/2011 9:13:17 PM
Phil disconnected at 10/7/2011 9:13:17 PM
Server started 10/7/2011 9:14:07 PM
phil connected at 10/7/2011 9:14:10 PM
Server started 10/7/2011 9:18:35 PM
Phil connected at 10/7/2011 9:18:40 PM
Server started 10/7/2011 9:10:53 PM
phil connected at 10/7/2011 9:10:57 PM
Server started 10/7/2011 9:11:53 PM
phil connected at 10/7/2011 9:11:56 PM
Server started 10/7/2011 9:13:27 PM
phil connected at 10/7/2011 9:13:29 PM
Server started 10/7/2011 9:15:05 PM
phil connected at 10/7/2011 9:15:11 PM
Server started 10/7/2011 9:16:25 PM
phil connected at 10/7/2011 9:16:28 PM
Server started 10/7/2011 9:17:32 PM
phil connected at 10/7/2011 9:17:34 PM
Server started 10/7/2011 9:18:41 PM
phil connected at 10/7/2011 9:18:43 PM
Server started 10/7/2011 9:22:08 PM
phil connected at 10/7/2011 9:22:11 PM
Server started 10/7/2011 9:23:20 PM
phil connected at 10/7/2011 9:23:24 PM
Server started 10/7/2011 9:27:53 PM
phil connected at 10/7/2011 9:28:03 PM
Server started 10/7/2011 9:38:54 PM
phil connected at 10/7/2011 9:38:58 PM
Server started 10/7/2011 9:52:30 PM
phil connected at 10/7/2011 9:52:36 PM
Server started 10/7/2011 9:53:42 PM
phil connected at 10/7/2011 9:53:47 PM
Server started 10/7/2011 9:54:29 PM
phil connected at 10/7/2011 9:54:32 PM
Server started 10/7/2011 9:55:19 PM
phil connected at 10/7/2011 9:55:21 PM
Server started 10/9/2011 2:32:04 PM
Phil connected at 10/9/2011 2:32:15 PM
Server started 10/9/2011 2:36:21 PM
phil connected at 10/9/2011 2:36:24 PM
Server started 10/9/2011 2:38:05 PM
phil connected at 10/9/2011 2:38:07 PM
Server started 10/9/2011 2:41:05 PM
phil connected at 10/9/2011 2:41:07 PM
Server started 10/9/2011 2:43:40 PM
phil connected at 10/9/2011 2:43:43 PM
Server started 10/9/2011 7:29:52 PM
phil connected at 10/9/2011 7:29:56 PM
Server started 10/9/2011 7:31:44 PM
phil connected at 10/9/2011 7:31:46 PM
Server started 10/9/2011 7:32:45 PM
phil connected at 10/9/2011 7:32:47 PM
Server started 10/9/2011 7:38:45 PM
phil connected at 10/9/2011 7:38:48 PM
Server started 10/9/2011 7:39:29 PM
phil connected at 10/9/2011 7:39:32 PM
Server started 10/19/2011 5:59:12 PM
phil connected at 10/19/2011 5:59:20 PM
Server started 10/19/2011 5:59:54 PM
phil connected at 10/19/2011 5:59:57 PM
Server started 10/19/2011 6:00:38 PM
Server started 10/19/2011 6:00:42 PM
phil connected at 10/19/2011 6:00:47 PM
Server started 10/19/2011 6:02:05 PM
phil connected at 10/19/2011 6:02:14 PM
Server started 10/19/2011 6:21:55 PM
phil connected at 10/19/2011 6:22:00 PM
Server started 10/19/2011 6:22:24 PM
phil connected at 10/19/2011 6:22:29 PM
Server started 10/19/2011 6:23:00 PM
phil connected at 10/19/2011 6:23:04 PM
Server started 10/19/2011 6:23:50 PM
phil connected at 10/19/2011 6:23:52 PM
Server started 10/19/2011 6:24:32 PM
phil connected at 10/19/2011 6:24:39 PM
Server started 10/19/2011 6:27:36 PM
phil connected at 10/19/2011 6:27:43 PM
Server started 10/19/2011 6:36:35 PM
phil connected at 10/19/2011 6:36:41 PM
Server started 10/19/2011 6:37:40 PM
phil connected at 10/19/2011 6:37:47 PM
Server started 10/19/2011 6:48:08 PM
phil connected at 10/19/2011 6:48:11 PM
Server started 10/19/2011 8:34:07 PM
phil connected at 10/19/2011 8:34:11 PM
Server started 10/19/2011 8:35:00 PM
phil connected at 10/19/2011 8:35:03 PM
Server started 10/19/2011 8:36:10 PM
phil connected at 10/19/2011 8:36:13 PM
Server started 10/19/2011 8:36:40 PM
phil connected at 10/19/2011 8:36:44 PM
Server started 10/19/2011 8:37:49 PM
phil connected at 10/19/2011 8:37:55 PM
Server started 10/19/2011 8:40:35 PM
phil connected at 10/19/2011 8:40:39 PM
Server started 10/19/2011 8:41:29 PM
phil connected at 10/19/2011 8:41:31 PM
Server started 10/19/2011 8:42:15 PM
phil connected at 10/19/2011 8:42:17 PM
Server started 10/19/2011 8:43:21 PM
phil connected at 10/19/2011 8:43:24 PM
Server started 10/20/2011 4:49:45 PM
phil connected at 10/20/2011 4:49:51 PM
Server started 10/20/2011 5:04:57 PM
phil connected at 10/20/2011 5:05:02 PM
Server started 10/20/2011 5:09:32 PM
phil connected at 10/20/2011 5:09:41 PM
Server started 10/20/2011 5:11:05 PM
phil connected at 10/20/2011 5:11:08 PM
Server started 10/20/2011 5:15:23 PM
phil connected at 10/20/2011 5:15:26 PM
Server started 10/20/2011 5:27:48 PM
phil connected at 10/20/2011 5:27:49 PM
Server started 10/20/2011 5:28:28 PM
phil connected at 10/20/2011 5:28:30 PM
Server started 10/20/2011 5:30:59 PM
phil connected at 10/20/2011 5:31:00 PM
Server started 10/20/2011 5:31:33 PM
phil connected at 10/20/2011 5:31:34 PM
Server started 10/20/2011 5:32:10 PM
phil connected at 10/20/2011 5:32:12 PM
Server started 10/20/2011 5:41:20 PM
phil connected at 10/20/2011 5:41:21 PM
Server started 10/20/2011 5:43:52 PM
phil connected at 10/20/2011 5:43:55 PM
Server started 10/20/2011 5:44:38 PM
Server started 10/20/2011 5:45:14 PM
Server started 10/20/2011 5:46:16 PM
Server started 10/20/2011 5:47:23 PM
Server started 10/20/2011 5:48:48 PM
Server started 10/20/2011 5:51:03 PM
Server started 10/20/2011 5:52:06 PM
Server started 10/20/2011 5:55:31 PM
Server started 10/20/2011 5:56:06 PM
Server started 10/20/2011 5:57:34 PM
Server started 10/20/2011 5:57:49 PM
Server started 10/20/2011 6:37:02 PM
phil connected at 10/20/2011 6:37:06 PM
Server started 10/20/2011 6:38:13 PM
phil connected at 10/20/2011 6:38:19 PM
Server started 10/20/2011 6:43:11 PM
phil connected at 10/20/2011 6:43:21 PM
Server started 10/22/2011 8:33:01 PM
phil connected at 10/22/2011 8:33:06 PM
Server started 10/22/2011 8:55:03 PM
phil connected at 10/22/2011 8:55:08 PM
Server started 10/25/2011 7:59:03 PM
phil connected at 10/25/2011 7:59:13 PM
Server started 10/25/2011 8:02:44 PM
phil connected at 10/25/2011 8:02:54 PM
Server started 10/25/2011 8:10:16 PM
phil connected at 10/25/2011 8:11:29 PM
Server started 10/25/2011 8:14:11 PM
phil connected at 10/25/2011 8:14:13 PM
Server started 10/25/2011 8:15:22 PM
phil connected at 10/25/2011 8:15:29 PM
Server started 10/25/2011 8:17:18 PM
phil connected at 10/25/2011 8:17:20 PM
Server started 10/25/2011 8:21:10 PM
phil connected at 10/25/2011 8:21:23 PM
Server started 10/25/2011 8:22:52 PM
phil connected at 10/25/2011 8:22:55 PM
Server started 10/25/2011 8:23:44 PM
phil connected at 10/25/2011 8:23:46 PM
Server started 10/25/2011 8:24:12 PM
phil connected at 10/25/2011 8:24:15 PM
Server started 10/27/2011 7:59:24 PM
phil connected at 10/27/2011 7:59:37 PM
Server started 10/27/2011 8:04:04 PM
phil connected at 10/27/2011 8:04:09 PM
Server started 10/27/2011 8:04:54 PM
phil connected at 10/27/2011 8:05:02 PM
Server started 10/27/2011 8:06:10 PM
phil connected at 10/27/2011 8:06:16 PM
Server started 10/27/2011 8:07:45 PM
phil connected at 10/27/2011 8:07:57 PM
Server started 10/27/2011 8:16:14 PM
phil connected at 10/27/2011 8:16:19 PM
Server started 10/27/2011 8:16:53 PM
phil connected at 10/27/2011 8:17:00 PM
Server started 10/27/2011 8:22:38 PM
phil connected at 10/27/2011 8:22:44 PM
Server started 10/28/2011 10:30:55 PM
phil connected at 10/28/2011 10:30:59 PM
Server started 10/28/2011 10:39:24 PM
phil connected at 10/28/2011 10:39:28 PM
Server started 10/28/2011 10:46:12 PM
phil connected at 10/28/2011 10:46:19 PM
Gary connected at 10/28/2011 10:46:31 PM
Server started 10/29/2011 9:08:44 PM
10/29/2011 9:09:00 PMphil connected at 10/29/2011 9:08:57 PM
10/29/2011 9:09:08 PMgary connected at 10/29/2011 9:09:04 PM
Server started 10/29/2011 9:16:21 PM
10/29/2011 9:17:19 PMgary connected at 10/29/2011 9:17:09 PM
10/29/2011 9:17:25 PMphil connected at 10/29/2011 9:17:22 PM
Server started 10/29/2011 9:20:56 PM
10/29/2011 9:21:04 PMgary connected at 10/29/2011 9:21:02 PM
Server started 10/29/2011 9:21:52 PM
10/29/2011 9:22:02 PMphil connected at 10/29/2011 9:21:59 PM
10/29/2011 9:22:11 PMgary connected at 10/29/2011 9:22:07 PM
Server started 10/29/2011 9:23:27 PM
10/29/2011 9:23:36 PMphil connected at 10/29/2011 9:23:34 PM
10/29/2011 9:23:42 PMgary connected at 10/29/2011 9:23:39 PM
Server started 10/29/2011 9:24:59 PM
10/29/2011 9:25:08 PMphil connected at 10/29/2011 9:25:06 PM
10/29/2011 9:25:18 PMgary connected at 10/29/2011 9:25:16 PM
Server started 10/29/2011 9:25:58 PM
10/29/2011 9:26:08 PMphil connected at 10/29/2011 9:26:06 PM
10/29/2011 9:26:17 PMgary connected at 10/29/2011 9:26:14 PM
Server started 10/30/2011 6:48:41 AM
10/30/2011 6:49:14 AMphil connected at 10/30/2011 6:48:58 AM
10/30/2011 6:49:17 AMphil disconnected at 10/30/2011 6:48:58 AM
Server started 10/30/2011 4:37:45 PM
Server started 10/30/2011 4:38:18 PM
Server started 11/1/2011 7:32:50 PM
Server started 11/1/2011 7:33:50 PM
Server started 11/1/2011 7:34:20 PM
11/1/2011 7:34:31 PMphil connected at 11/1/2011 7:34:28 PM
11/1/2011 7:34:35 PMphil disconnected at 11/1/2011 7:34:28 PM
Server started 11/1/2011 7:37:07 PM
Server started 11/1/2011 7:41:51 PM
11/1/2011 7:42:14 PMphil connected at 11/1/2011 7:42:05 PM
Server started 11/1/2011 7:44:52 PM
Server started 11/1/2011 7:45:56 PM
Server started 11/1/2011 7:47:34 PM
Server started 11/1/2011 7:49:00 PM
Server started 11/1/2011 7:53:42 PM
Server started 11/1/2011 7:56:46 PM
Server started 11/1/2011 7:58:29 PM
Server started 11/1/2011 8:03:19 PM
Server started 11/1/2011 8:08:59 PM
Server started 11/1/2011 8:09:59 PM
Server started 11/1/2011 8:12:59 PM
Server started 11/1/2011 8:18:21 PM
Server started 11/1/2011 8:20:57 PM
Server started 11/1/2011 8:21:51 PM
Server started 11/1/2011 8:22:32 PM
11/1/2011 8:22:58 PMphil connected at 11/1/2011 8:22:44 PM
Server started 11/1/2011 8:23:53 PM
11/1/2011 8:24:07 PMphil connected at 11/1/2011 8:24:03 PM
11/1/2011 8:24:09 PMphil disconnected at 11/1/2011 8:24:03 PM
Server started 11/1/2011 8:28:29 PM
Server started 11/1/2011 8:29:53 PM
Server started 11/1/2011 8:31:47 PM
Server started 11/1/2011 8:32:38 PM
Server started 11/1/2011 8:37:29 PM
11/1/2011 8:37:43 PMphil connected at 11/1/2011 8:37:33 PM
11/1/2011 8:37:46 PMphil disconnected at 11/1/2011 8:37:33 PM
11/1/2011 8:38:00 PMphil connected at 11/1/2011 8:37:52 PM
11/1/2011 8:38:03 PMphil disconnected at 11/1/2011 8:37:52 PM
Server started 11/10/2011 2:59:38 PM
Server started 11/10/2011 3:03:42 PM
Server started 11/10/2011 3:05:48 PM
Server started 11/10/2011 3:38:46 PM
Server started 11/10/2011 3:42:29 PM
11/10/2011 3:42:49 PMphil connected at 11/10/2011 3:42:45 PM
11/10/2011 3:42:56 PMphil disconnected at 11/10/2011 3:42:45 PM
Server started 11/10/2011 3:51:00 PM
11/10/2011 3:51:46 PMphil connected at 11/10/2011 3:51:19 PM
11/10/2011 3:51:50 PMphil disconnected at 11/10/2011 3:51:19 PM
Server started 11/10/2011 3:54:06 PM
11/10/2011 3:54:22 PMphil connected at 11/10/2011 3:54:17 PM
11/10/2011 3:54:26 PMphil disconnected at 11/10/2011 3:54:17 PM
11/10/2011 3:54:39 PMphil connected at 11/10/2011 3:54:35 PM
11/10/2011 3:54:45 PMphil disconnected at 11/10/2011 3:54:35 PM
11/10/2011 3:55:16 PMphil connected at 11/10/2011 3:55:13 PM
11/10/2011 3:55:20 PMphil disconnected at 11/10/2011 3:55:13 PM
Server started 11/10/2011 4:00:38 PM
Server started 11/10/2011 4:03:57 PM
Server started 11/10/2011 4:08:50 PM
Server started 11/10/2011 4:11:24 PM
Server started 11/10/2011 4:16:38 PM
11/10/2011 4:17:03 PMphil connected at 11/10/2011 4:16:56 PM
11/10/2011 4:17:07 PMphil disconnected at 11/10/2011 4:16:56 PM
Server started 11/10/2011 4:20:27 PM
11/10/2011 4:21:06 PMphil connected at 11/10/2011 4:21:01 PM
11/10/2011 4:21:10 PMphil disconnected at 11/10/2011 4:21:01 PM
Server started 11/10/2011 5:04:40 PM
11/10/2011 5:04:55 PMPhil connected at 11/10/2011 5:04:51 PM
11/10/2011 5:05:08 PMPhil disconnected at 11/10/2011 5:04:51 PM
Server started 11/10/2011 5:09:32 PM
Server started 11/10/2011 5:11:53 PM
Server started 11/10/2011 5:26:26 PM
11/10/2011 5:27:13 PMphil connected at 11/10/2011 5:27:07 PM
11/10/2011 5:27:18 PMphil disconnected at 11/10/2011 5:27:07 PM
11/10/2011 5:27:54 PMphil connected at 11/10/2011 5:27:34 PM
11/10/2011 5:28:08 PMphil disconnected at 11/10/2011 5:27:34 PM
Server started 11/10/2011 5:30:50 PM
11/10/2011 5:31:26 PMphil connected at 11/10/2011 5:31:21 PM
11/10/2011 5:31:30 PMphil disconnected at 11/10/2011 5:31:21 PM
Server started 11/10/2011 5:40:52 PM
Server started 11/11/2011 10:00:54 AM
Server started 11/11/2011 10:02:00 AM
Server started 11/11/2011 10:24:32 AM
11/11/2011 10:25:58 AMphil connected at 11/11/2011 10:25:52 AM
11/11/2011 10:26:02 AMphil disconnected at 11/11/2011 10:25:52 AM
Server started 11/11/2011 10:36:01 AM
11/11/2011 10:36:38 AMphil connected at 11/11/2011 10:36:27 AM
11/11/2011 10:36:42 AMphil disconnected at 11/11/2011 10:36:27 AM
11/11/2011 10:37:36 AMphil connected at 11/11/2011 10:37:04 AM
11/11/2011 10:37:40 AMphil disconnected at 11/11/2011 10:37:04 AM
Server started 11/11/2011 11:13:37 AM
Server started 11/11/2011 11:15:03 AM
Server started 11/11/2011 12:39:03 PM
Server started 11/11/2011 12:41:22 PM
11/11/2011 12:41:36 PMphil connected at 11/11/2011 12:41:30 PM
11/11/2011 12:41:39 PMphil disconnected at 11/11/2011 12:41:30 PM
11/11/2011 12:41:57 PMphil connected at 11/11/2011 12:41:51 PM
11/11/2011 12:42:04 PMphil disconnected at 11/11/2011 12:41:51 PM
Server started 11/11/2011 4:41:46 PM
11/11/2011 4:42:21 PMphil connected at 11/11/2011 4:42:15 PM
11/11/2011 4:42:26 PMphil disconnected at 11/11/2011 4:42:15 PM
Server started 11/11/2011 4:44:50 PM
Server started 11/11/2011 4:48:27 PM
Server started 11/11/2011 4:56:36 PM
Server started 11/11/2011 5:25:49 PM
Server started 11/11/2011 5:29:49 PM
11/11/2011 5:30:11 PMphil connected at 11/11/2011 5:30:05 PM
11/11/2011 5:30:18 PMphil disconnected at 11/11/2011 5:30:05 PM
11/11/2011 5:30:33 PMphil connected at 11/11/2011 5:30:28 PM
11/11/2011 5:30:37 PMphil disconnected at 11/11/2011 5:30:28 PM
Server started 9/1/2013 12:50:09 AM
